<?xml version="1.0" encoding="UTF-8"?>
<testsuite xmlns:xsi="http://www.w3.org/2001/XMLSchema-instance" xsi:noNamespaceSchemaLocation="https://maven.apache.org/surefire/maven-surefire-plugin/xsd/surefire-test-report.xsd" name="br.com.itau.controller.StarWarsControllerTest" time="26.608" tests="3" errors="0" skipped="0" failures="0">
  <properties>
[...]
</properties>
  <testcase name="deveriaDevolver200BuscaPlanetaid10" classname="br.com.itau.controller.StarWarsControllerTest" time="3.841"/>
  <testcase name="deveriaDevolver404BuscaPlanetaid100" classname="br.com.itau.controller.StarWarsControllerTest" time="0.337"/>
  <testcase name="deveriaDevolver200BuscaPorPersonagemid1" classname="br.com.itau.controller.StarWarsControllerTest" time="0.555"/>
</testsuite>